<?xml version="1.0" encoding="UTF-8"?>
<testsuite name="org.springworks.FileProcessorTest" tests="4" skipped="0" failures="0" errors="0" timestamp="2020-05-18T16:59:43" hostname="SANAL-PC" time="0.212">
  <properties/>
  <testcase name="getWayPointsFileOneWayPoint()" classname="org.springworks.FileProcessorTest" time="0.187"/>
  <testcase name="getWayPoints()" classname="org.springworks.FileProcessorTest" time="0.006"/>
  <testcase name="getWayPointsFileNotExist()" classname="org.springworks.FileProcessorTest" time="0.005"/>
  <testcase name="getWayPointsFileEmpty()" classname="org.springworks.FileProcessorTest" time="0.008"/>
  <system-out><![CDATA[File Not Found: waypoints_2.json
]]></system-out>
  <system-err><![CDATA[]]></system-err>
</testsuite>
